app/build/intermediates/manifest_merge_blame_file/debug/manifest-merger-blame-debug-report.txt
1<?xml version="1.0" encoding="utf-8"?>
2<manifest xmlns:android="http://schemas.android.com/apk/res/android"
3    package="com.iven.musicplayergo"
4    android:versionCode="59"
5    android:versionName="2.4.1.8" >
6
7    <uses-sdk
8        android:minSdkVersion="21"
8-->src\main\AndroidManifest.xml
9        android:targetSdkVersion="27" />
9-->src\main\AndroidManifest.xml
10
11    <uses-permission android:name="android.permission.READ_EXTERNAL_STORAGE" />
11-->src\main\AndroidManifest.xml:5:5-80
11-->src\main\AndroidManifest.xml:5:22-77
12    <uses-permission android:name="android.permission.WAKE_LOCK" />
12-->src\main\AndroidManifest.xml:6:5-68
12-->src\main\AndroidManifest.xml:6:22-65
13
14    <application
14-->src\main\AndroidManifest.xml:8:5-24:19
15        android:allowBackup="true"
15-->src\main\AndroidManifest.xml:9:9-35
16        android:debuggable="true"
17        android:icon="@mipmap/ic_launcher"
17-->src\main\AndroidManifest.xml:10:9-43
18        android:label="@string/app_name"
18-->src\main\AndroidManifest.xml:11:9-41
19        android:roundIcon="@mipmap/ic_launcher_round"
19-->src\main\AndroidManifest.xml:12:9-54
20        android:supportsRtl="true"
20-->src\main\AndroidManifest.xml:13:9-35
21        android:testOnly="true"
22        android:theme="@style/AppThemeBlue" >
22-->src\main\AndroidManifest.xml:14:9-44
23        <activity
23-->src\main\AndroidManifest.xml:15:9-22:20
24            android:name="com.iven.musicplayergo.MainActivity"
24-->src\main\AndroidManifest.xml:16:13-41
25            android:screenOrientation="portrait" >
25-->src\main\AndroidManifest.xml:17:13-49
26            <intent-filter>
26-->src\main\AndroidManifest.xml:18:13-21:29
27                <action android:name="android.intent.action.MAIN" />
27-->src\main\AndroidManifest.xml:19:17-69
27-->src\main\AndroidManifest.xml:19:25-66
28
29                <category android:name="android.intent.category.LAUNCHER" />
29-->src\main\AndroidManifest.xml:20:17-77
29-->src\main\AndroidManifest.xml:20:27-74
30            </intent-filter>
31        </activity>
32
33        <service android:name="com.iven.musicplayergo.playback.MusicService" />
33-->src\main\AndroidManifest.xml:23:9-58
33-->src\main\AndroidManifest.xml:23:18-55
34    </application>
35
36</manifest>